a:\project_works\vs_project\qtsoftrenderer\-qtsoftrenderer-\02_drawtriangle\x64\debug\uic\ui__drawtriangle.h
a:\project_works\vs_project\qtsoftrenderer\-qtsoftrenderer-\02_drawtriangle\x64\debug\rcc\qrc__drawtriangle.cpp
a:\project_works\vs_project\qtsoftrenderer\-qtsoftrenderer-\02_drawtriangle\x64\debug\moc\moc__drawtriangle.cpp
a:\project_works\vs_project\qtsoftrenderer\-qtsoftrenderer-\02_drawtriangle\x64\debug\vc142.pdb
a:\project_works\vs_project\qtsoftrenderer\-qtsoftrenderer-\02_drawtriangle\x64\debug\_drawtriangle.obj
a:\project_works\vs_project\qtsoftrenderer\-qtsoftrenderer-\02_drawtriangle\x64\debug\core.obj
a:\project_works\vs_project\qtsoftrenderer\-qtsoftrenderer-\02_drawtriangle\x64\debug\mesh.obj
a:\project_works\vs_project\qtsoftrenderer\-qtsoftrenderer-\02_drawtriangle\x64\debug\main.obj
a:\project_works\vs_project\qtsoftrenderer\-qtsoftrenderer-\02_drawtriangle\x64\debug\qrc__drawtriangle.obj
a:\project_works\vs_project\qtsoftrenderer\-qtsoftrenderer-\02_drawtriangle\x64\debug\moc__drawtriangle.obj
a:\project_works\vs_project\qtsoftrenderer\-qtsoftrenderer-\x64\debug\02_drawtriangle.exe
a:\project_works\vs_project\qtsoftrenderer\-qtsoftrenderer-\x64\debug\02_drawtriangle.ilk
a:\project_works\vs_project\qtsoftrenderer\-qtsoftrenderer-\x64\debug\02_drawtriangle.pdb
a:\project_works\vs_project\qtsoftrenderer\-qtsoftrenderer-\02_drawtriangle\x64\debug\02_drawtriangle.tlog\02_drawtriangle.write.1u.tlog
a:\project_works\vs_project\qtsoftrenderer\-qtsoftrenderer-\02_drawtriangle\x64\debug\02_drawtriangle.tlog\cl.command.1.tlog
a:\project_works\vs_project\qtsoftrenderer\-qtsoftrenderer-\02_drawtriangle\x64\debug\02_drawtriangle.tlog\cl.read.1.tlog
a:\project_works\vs_project\qtsoftrenderer\-qtsoftrenderer-\02_drawtriangle\x64\debug\02_drawtriangle.tlog\cl.write.1.tlog
a:\project_works\vs_project\qtsoftrenderer\-qtsoftrenderer-\02_drawtriangle\x64\debug\02_drawtriangle.tlog\link.command.1.tlog
a:\project_works\vs_project\qtsoftrenderer\-qtsoftrenderer-\02_drawtriangle\x64\debug\02_drawtriangle.tlog\link.read.1.tlog
a:\project_works\vs_project\qtsoftrenderer\-qtsoftrenderer-\02_drawtriangle\x64\debug\02_drawtriangle.tlog\link.write.1.tlog
a:\project_works\vs_project\qtsoftrenderer\-qtsoftrenderer-\02_drawtriangle\x64\debug\02_drawtriangle.tlog\moc.read.1u.tlog
a:\project_works\vs_project\qtsoftrenderer\-qtsoftrenderer-\02_drawtriangle\x64\debug\02_drawtriangle.tlog\moc.write.1u.tlog
a:\project_works\vs_project\qtsoftrenderer\-qtsoftrenderer-\02_drawtriangle\x64\debug\02_drawtriangle.tlog\rcc.read.1u.tlog
a:\project_works\vs_project\qtsoftrenderer\-qtsoftrenderer-\02_drawtriangle\x64\debug\02_drawtriangle.tlog\rcc.write.1u.tlog
a:\project_works\vs_project\qtsoftrenderer\-qtsoftrenderer-\02_drawtriangle\x64\debug\02_drawtriangle.tlog\uic.read.1u.tlog
a:\project_works\vs_project\qtsoftrenderer\-qtsoftrenderer-\02_drawtriangle\x64\debug\02_drawtriangle.tlog\uic.write.1u.tlog
