a:\project_works\vs_project\qtsoftrenderer\01_drawline\x64\debug\uic\ui__drawline.h
a:\project_works\vs_project\qtsoftrenderer\01_drawline\x64\debug\rcc\qrc__drawline.cpp
a:\project_works\vs_project\qtsoftrenderer\01_drawline\x64\debug\moc\moc__drawline.cpp
a:\project_works\vs_project\qtsoftrenderer\01_drawline\x64\debug\moc\moc_qtwidgetsapplication1.cpp
a:\project_works\vs_project\qtsoftrenderer\-qtsoftrenderer-\01_drawline\x64\debug\uic\ui__drawline.h
a:\project_works\vs_project\qtsoftrenderer\-qtsoftrenderer-\01_drawline\x64\debug\rcc\qrc__drawline.cpp
a:\project_works\vs_project\qtsoftrenderer\-qtsoftrenderer-\01_drawline\x64\debug\moc\moc_qtwidgetsapplication1.cpp
a:\project_works\vs_project\qtsoftrenderer\-qtsoftrenderer-\01_drawline\x64\debug\vc142.pdb
a:\project_works\vs_project\qtsoftrenderer\-qtsoftrenderer-\01_drawline\x64\debug\qtwidgetsapplication1.obj
a:\project_works\vs_project\qtsoftrenderer\-qtsoftrenderer-\01_drawline\x64\debug\main.obj
a:\project_works\vs_project\qtsoftrenderer\-qtsoftrenderer-\01_drawline\x64\debug\qrc__drawline.obj
a:\project_works\vs_project\qtsoftrenderer\-qtsoftrenderer-\01_drawline\x64\debug\moc_qtwidgetsapplication1.obj
a:\project_works\vs_project\qtsoftrenderer\-qtsoftrenderer-\x64\debug\01_drawline.exe
a:\project_works\vs_project\qtsoftrenderer\-qtsoftrenderer-\x64\debug\01_drawline.ilk
a:\project_works\vs_project\qtsoftrenderer\-qtsoftrenderer-\x64\debug\01_drawline.pdb
a:\project_works\vs_project\qtsoftrenderer\-qtsoftrenderer-\01_drawline\x64\debug\moc__drawline.obj
a:\project_works\vs_project\qtsoftrenderer\-qtsoftrenderer-\01_drawline\x64\debug\_drawline.obj
a:\project_works\vs_project\qtsoftrenderer\-qtsoftrenderer-\01_drawline\x64\debug\01_drawline.tlog\01_drawline.write.1u.tlog
a:\project_works\vs_project\qtsoftrenderer\-qtsoftrenderer-\01_drawline\x64\debug\01_drawline.tlog\cl.command.1.tlog
a:\project_works\vs_project\qtsoftrenderer\-qtsoftrenderer-\01_drawline\x64\debug\01_drawline.tlog\cl.read.1.tlog
a:\project_works\vs_project\qtsoftrenderer\-qtsoftrenderer-\01_drawline\x64\debug\01_drawline.tlog\cl.write.1.tlog
a:\project_works\vs_project\qtsoftrenderer\-qtsoftrenderer-\01_drawline\x64\debug\01_drawline.tlog\link.command.1.tlog
a:\project_works\vs_project\qtsoftrenderer\-qtsoftrenderer-\01_drawline\x64\debug\01_drawline.tlog\link.read.1.tlog
a:\project_works\vs_project\qtsoftrenderer\-qtsoftrenderer-\01_drawline\x64\debug\01_drawline.tlog\link.write.1.tlog
a:\project_works\vs_project\qtsoftrenderer\-qtsoftrenderer-\01_drawline\x64\debug\01_drawline.tlog\moc.read.1u.tlog
a:\project_works\vs_project\qtsoftrenderer\-qtsoftrenderer-\01_drawline\x64\debug\01_drawline.tlog\moc.write.1u.tlog
a:\project_works\vs_project\qtsoftrenderer\-qtsoftrenderer-\01_drawline\x64\debug\01_drawline.tlog\rcc.read.1u.tlog
a:\project_works\vs_project\qtsoftrenderer\-qtsoftrenderer-\01_drawline\x64\debug\01_drawline.tlog\rcc.write.1u.tlog
a:\project_works\vs_project\qtsoftrenderer\-qtsoftrenderer-\01_drawline\x64\debug\01_drawline.tlog\uic.read.1u.tlog
a:\project_works\vs_project\qtsoftrenderer\-qtsoftrenderer-\01_drawline\x64\debug\01_drawline.tlog\uic.write.1u.tlog
