a:\project_works\vs_project\qtsoftrenderer\-qtsoftrenderer-\03_rendererbuild\x64\debug\uic\ui_renderer.h
a:\project_works\vs_project\qtsoftrenderer\-qtsoftrenderer-\03_rendererbuild\x64\debug\rcc\qrc_renderer.cpp
a:\project_works\vs_project\qtsoftrenderer\-qtsoftrenderer-\03_rendererbuild\x64\debug\moc\moc_renderer.cpp
a:\project_works\vs_project\qtsoftrenderer\-qtsoftrenderer-\03_rendererbuild\x64\debug\moc\moc_renderroute.cpp
a:\project_works\vs_project\qtsoftrenderer\-qtsoftrenderer-\03_rendererbuild\x64\debug\2dshader.obj
a:\project_works\vs_project\qtsoftrenderer\-qtsoftrenderer-\03_rendererbuild\x64\debug\mesh.obj
a:\project_works\vs_project\qtsoftrenderer\-qtsoftrenderer-\03_rendererbuild\x64\debug\renderer.obj
a:\project_works\vs_project\qtsoftrenderer\-qtsoftrenderer-\03_rendererbuild\x64\debug\vector.obj
a:\project_works\vs_project\qtsoftrenderer\-qtsoftrenderer-\03_rendererbuild\x64\debug\framebuffer.obj
a:\project_works\vs_project\qtsoftrenderer\-qtsoftrenderer-\03_rendererbuild\x64\debug\shader.obj
a:\project_works\vs_project\qtsoftrenderer\-qtsoftrenderer-\03_rendererbuild\x64\debug\main.obj
a:\project_works\vs_project\qtsoftrenderer\-qtsoftrenderer-\03_rendererbuild\x64\debug\core.obj
a:\project_works\vs_project\qtsoftrenderer\-qtsoftrenderer-\03_rendererbuild\x64\debug\renderroute.obj
a:\project_works\vs_project\qtsoftrenderer\-qtsoftrenderer-\03_rendererbuild\x64\debug\pipeline.obj
a:\project_works\vs_project\qtsoftrenderer\-qtsoftrenderer-\03_rendererbuild\x64\debug\vc142.pdb
a:\project_works\vs_project\qtsoftrenderer\-qtsoftrenderer-\03_rendererbuild\x64\debug\moc_renderer.obj
a:\project_works\vs_project\qtsoftrenderer\-qtsoftrenderer-\03_rendererbuild\x64\debug\qrc_renderer.obj
a:\project_works\vs_project\qtsoftrenderer\-qtsoftrenderer-\03_rendererbuild\x64\debug\moc_renderroute.obj
a:\project_works\vs_project\qtsoftrenderer\-qtsoftrenderer-\x64\debug\03_rendererbuild.ilk
a:\project_works\vs_project\qtsoftrenderer\-qtsoftrenderer-\x64\debug\03_rendererbuild.exe
a:\project_works\vs_project\qtsoftrenderer\-qtsoftrenderer-\x64\debug\03_rendererbuild.pdb
a:\project_works\vs_project\qtsoftrenderer\-qtsoftrenderer-\03_rendererbuild\x64\debug\03_rendererbuild.tlog\03_rendererbuild.write.1u.tlog
a:\project_works\vs_project\qtsoftrenderer\-qtsoftrenderer-\03_rendererbuild\x64\debug\03_rendererbuild.tlog\cl.13408.write.1.tlog
a:\project_works\vs_project\qtsoftrenderer\-qtsoftrenderer-\03_rendererbuild\x64\debug\03_rendererbuild.tlog\cl.command.1.tlog
a:\project_works\vs_project\qtsoftrenderer\-qtsoftrenderer-\03_rendererbuild\x64\debug\03_rendererbuild.tlog\cl.read.1.tlog
a:\project_works\vs_project\qtsoftrenderer\-qtsoftrenderer-\03_rendererbuild\x64\debug\03_rendererbuild.tlog\link.command.1.tlog
a:\project_works\vs_project\qtsoftrenderer\-qtsoftrenderer-\03_rendererbuild\x64\debug\03_rendererbuild.tlog\link.read.1.tlog
a:\project_works\vs_project\qtsoftrenderer\-qtsoftrenderer-\03_rendererbuild\x64\debug\03_rendererbuild.tlog\link.write.1.tlog
a:\project_works\vs_project\qtsoftrenderer\-qtsoftrenderer-\03_rendererbuild\x64\debug\03_rendererbuild.tlog\moc.read.1u.tlog
a:\project_works\vs_project\qtsoftrenderer\-qtsoftrenderer-\03_rendererbuild\x64\debug\03_rendererbuild.tlog\moc.write.1u.tlog
a:\project_works\vs_project\qtsoftrenderer\-qtsoftrenderer-\03_rendererbuild\x64\debug\03_rendererbuild.tlog\rcc.read.1u.tlog
a:\project_works\vs_project\qtsoftrenderer\-qtsoftrenderer-\03_rendererbuild\x64\debug\03_rendererbuild.tlog\rcc.write.1u.tlog
a:\project_works\vs_project\qtsoftrenderer\-qtsoftrenderer-\03_rendererbuild\x64\debug\03_rendererbuild.tlog\uic.read.1u.tlog
a:\project_works\vs_project\qtsoftrenderer\-qtsoftrenderer-\03_rendererbuild\x64\debug\03_rendererbuild.tlog\uic.write.1u.tlog
